e:\study\3_course\кпо петров д.и. 3 курс 2 семестр\lab3\lab1\debug\lab3.pch
e:\study\3_course\кпо петров д.и. 3 курс 2 семестр\lab3\lab1\debug\vc120.pdb
e:\study\3_course\кпо петров д.и. 3 курс 2 семестр\lab3\lab1\debug\vc120.idb
e:\study\3_course\кпо петров д.и. 3 курс 2 семестр\lab3\lab1\debug\stdafx.obj
e:\study\3_course\кпо петров д.и. 3 курс 2 семестр\lab3\lab1\debug\circle.obj
e:\study\3_course\кпо петров д.и. 3 курс 2 семестр\lab3\lab1\debug\lab1.obj
e:\study\3_course\кпо петров д.и. 3 курс 2 семестр\lab3\lab1\debug\parser.obj
e:\study\3_course\кпо петров д.и. 3 курс 2 семестр\lab3\lab1\debug\rectangle.obj
e:\study\3_course\кпо петров д.и. 3 курс 2 семестр\lab3\lab1\debug\shape.obj
e:\study\3_course\кпо петров д.и. 3 курс 2 семестр\lab3\lab1\debug\triangle.obj
e:\study\3_course\кпо петров д.и. 3 курс 2 семестр\lab3\lab1\debug\circlecreator.obj
e:\study\3_course\кпо петров д.и. 3 курс 2 семестр\lab3\lab1\debug\rectanglecreator.obj
e:\study\3_course\кпо петров д.и. 3 курс 2 семестр\lab3\lab1\debug\trianglecreator.obj
e:\study\3_course\кпо петров д.и. 3 курс 2 семестр\lab3\lab1\debug\lab3.obj
e:\study\3_course\кпо петров д.и. 3 курс 2 семестр\lab3\debug\lab3.ilk
e:\study\3_course\кпо петров д.и. 3 курс 2 семестр\lab3\debug\lab3.exe
e:\study\3_course\кпо петров д.и. 3 курс 2 семестр\lab3\debug\lab3.pdb
e:\study\3_course\кпо петров д.и. 3 курс 2 семестр\lab3\lab1\debug\lab1.pch
e:\study\3_course\кпо петров д.и. 3 курс 2 семестр\lab3\lab1\debug\lab3.tlog\cl.command.1.tlog
e:\study\3_course\кпо петров д.и. 3 курс 2 семестр\lab3\lab1\debug\lab3.tlog\cl.read.1.tlog
e:\study\3_course\кпо петров д.и. 3 курс 2 семестр\lab3\lab1\debug\lab3.tlog\cl.write.1.tlog
e:\study\3_course\кпо петров д.и. 3 курс 2 семестр\lab3\lab1\debug\lab3.tlog\link.command.1.tlog
e:\study\3_course\кпо петров д.и. 3 курс 2 семестр\lab3\lab1\debug\lab3.tlog\link.read.1.tlog
e:\study\3_course\кпо петров д.и. 3 курс 2 семестр\lab3\lab1\debug\lab3.tlog\link.write.1.tlog
