Сборка начата 27.04.2016 12:48:31.
     1>Проект "C:\Users\EugeneDolgushev\Documents\GitHub\KPO\Lab5\Lab5\Lab5.vcxproj" в узле 2 (целевые объекты Build).
     1>ClCompile:
         C:\Program Files (x86)\Microsoft Visual Studio 12.0\VC\bin\CL.exe /c /ZI /nologo /W3 /WX- /sdl /Od /Oy- /D WIN32 /D _DEBUG /D _CONSOLE /D _LIB /D _UNICODE /D UNICODE /Gm /EHsc /RTC1 /MDd /GS /fp:precise /Zc:wchar_t /Zc:forScope /Yu"stdafx.h" /Fp"Debug\Lab5.pch" /Fo"Debug\\" /Fd"Debug\vc120.pdb" /Gd /TP /analyze- /errorReport:prompt Lab5.cpp ShapeAreaVisitor.cpp ShapePerimeterVisitor.cpp
         ShapePerimeterVisitor.cpp
         ShapeAreaVisitor.cpp
         Lab5.cpp
         Создание кода...
       Link:
         C:\Program Files (x86)\Microsoft Visual Studio 12.0\VC\bin\link.exe /ERRORREPORT:PROMPT /OUT:"C:\Users\EugeneDolgushev\Documents\GitHub\KPO\Lab5\Debug\Lab5.exe" /INCREMENTAL /NOLOGO kernel32.lib user32.lib gdi32.lib winspool.lib comdlg32.lib advapi32.lib shell32.lib ole32.lib oleaut32.lib uuid.lib odbc32.lib odbccp32.lib /MANIFEST /MANIFESTUAC:"level='asInvoker' uiAccess='false'" /manifest:embed /DEBUG /PDB:"C:\Users\EugeneDolgushev\Documents\GitHub\KPO\Lab5\Debug\Lab5.pdb" /SUBSYSTEM:CONSOLE /TLBID:1 /DYNAMICBASE /NXCOMPAT /IMPLIB:"C:\Users\EugeneDolgushev\Documents\GitHub\KPO\Lab5\Debug\Lab5.lib" /MACHINE:X86 Debug\Circle.obj
         Debug\CircleCreator.obj
         Debug\Functions.obj
         Debug\Lab5.obj
         Debug\LongNumber.obj
         Debug\Parser.obj
         Debug\Rectangle.obj
         Debug\RectangleCreator.obj
         Debug\Shape.obj
         Debug\ShapeAreaVisitor.obj
         Debug\ShapePerimeterVisitor.obj
         Debug\stdafx.obj
         Debug\Triangle.obj
         Debug\TriangleCreator.obj
         Lab5.vcxproj -> C:\Users\EugeneDolgushev\Documents\GitHub\KPO\Lab5\Debug\Lab5.exe
     1>Сборка проекта "C:\Users\EugeneDolgushev\Documents\GitHub\KPO\Lab5\Lab5\Lab5.vcxproj" завершена (целевые объекты Build).

Сборка успешно завершена.

Затраченное время: 00:00:05.38
